<?xml version="1.0" encoding="UTF-8"?>
<robot generator="Robot 7.4.1 (Python 3.13.11 on linux)" generated="2026-05-13T23:03:10.103102" rpa="false" schemaversion="5">
<suite id="s1" name="Math Tests" source="/home/tyler/AI/github/rfc/robot/math">
<kw name="Verify LLM Available" owner="llm_setup" type="SETUP">
<kw name="Wait For LLM" owner="LLM">
<msg time="2026-05-13T23:03:10.183762" level="INFO">Waiting for Ollama to be ready (timeout=5400s, poll=2s)</msg>
<msg time="2026-05-13T23:03:10.186599" level="INFO">Ollama is idle, no models running</msg>
<arg>timeout=${LLM_VERIFY_TIMEOUT}</arg>
<doc>Wait until the LLM is available and not busy.</doc>
<status status="PASS" start="2026-05-13T23:03:10.183667" elapsed="0.002978"/>
</kw>
<kw name="Ask LLM" owner="LLM">
<msg time="2026-05-13T23:03:10.186763" level="INFO">Say hello in one word.</msg>
<msg time="2026-05-13T23:03:12.031796" level="INFO">llama3 &gt;&gt; Hello!</msg>
<msg time="2026-05-13T23:03:12.031919" level="INFO">Hello!</msg>
<msg time="2026-05-13T23:03:12.031935" level="INFO">RFC_DATA:actual_answer:Hello!</msg>
<msg time="2026-05-13T23:03:12.031952" level="INFO">RFC_DATA:num_predict:256</msg>
<msg time="2026-05-13T23:03:12.031976" level="INFO">RFC_DATA:llm_metrics:{"model_name": "llama3", "total_duration_ns": 1844145695, "load_duration_ns": 1499737436, "prompt_eval_count": 16, "prompt_eval_duration_ns": 137334180, "prompt_eval_rate": 116.5, "eval_count": 3, "eval_duration_ns": 205049084, "eval_rate": 14.63, "prompt_text": "Say hello in one word.", "num_predict": 256}</msg>
<msg time="2026-05-13T23:03:12.032065" level="INFO">${response} = Hello!</msg>
<var>${response}</var>
<arg>Say hello in one word.</arg>
<status status="PASS" start="2026-05-13T23:03:10.186710" elapsed="1.845368"/>
</kw>
<kw name="Should Not Be Empty" owner="BuiltIn">
<msg time="2026-05-13T23:03:12.032697" level="INFO">Length is 6.</msg>
<arg>${response}</arg>
<arg>LLM returned empty response — model may not be loaded</arg>
<doc>Verifies that the given item is not empty.</doc>
<status status="PASS" start="2026-05-13T23:03:12.032305" elapsed="0.000419"/>
</kw>
<kw name="Log" owner="BuiltIn">
<msg time="2026-05-13T23:03:12.032855" level="INFO">LLM verified: model is loaded and responding.</msg>
<arg>LLM verified: model is loaded and responding.</arg>
<doc>Logs the given message with the given level.</doc>
<status status="PASS" start="2026-05-13T23:03:12.032775" elapsed="0.000098"/>
</kw>
<doc>Verify the LLM endpoint is reachable and the model responds.
Fails the suite with a fatal error if the LLM is not available,
preventing all tests in the suite from running.
Timeout is read from OLLAMA_TIMEOUT env var (default: 5400s / 90 min).</doc>
<status status="PASS" start="2026-05-13T23:03:10.183421" elapsed="1.849485"/>
</kw>
<suite id="s1-s1" name="Llm Maths" source="/home/tyler/AI/github/rfc/robot/math/llm_maths.robot">
<test id="s1-s1-t1" name="LLM Can Do Basic Math" line="6">
<kw name="Ask And Validate" owner="ask_and_validate">
<kw name="Ask And Grade With Retry" owner="LLM">
<msg time="2026-05-13T23:03:12.035345" level="INFO">What is 2 + 2?</msg>
<msg time="2026-05-13T23:03:13.495137" level="INFO">llama3 &gt;&gt; The answer to 2 + 2 is 4.</msg>
<msg time="2026-05-13T23:03:13.495265" level="INFO">The answer to 2 + 2 is 4.</msg>
<msg time="2026-05-13T23:03:13.495280" level="INFO">RFC_DATA:actual_answer:The answer to 2 + 2 is 4.</msg>
<msg time="2026-05-13T23:03:13.495294" level="INFO">RFC_DATA:num_predict:256</msg>
<msg time="2026-05-13T23:03:13.495317" level="INFO">RFC_DATA:llm_metrics:{"model_name": "llama3", "total_duration_ns": 1458663381, "load_duration_ns": 75662452, "prompt_eval_count": 18, "prompt_eval_duration_ns": 133054069, "prompt_eval_rate": 135.28, "eval_count": 13, "eval_duration_ns": 1244186587, "eval_rate": 10.45, "prompt_text": "What is 2 + 2?", "num_predict": 256}</msg>
<msg time="2026-05-13T23:03:16.921518" level="INFO">llama3 &gt;&gt; {
  "score": 1.0,
  "reason": "The student's answer matches the expected answer."
}</msg>
<msg time="2026-05-13T23:03:16.921785" level="INFO">RFC_DATA:score:1.0</msg>
<msg time="2026-05-13T23:03:16.921804" level="INFO">RFC_DATA:expected_answer:4</msg>
<msg time="2026-05-13T23:03:16.921814" level="INFO">RFC_DATA:grading_reason:The student's answer matches the expected answer.</msg>
<msg time="2026-05-13T23:03:16.921823" level="INFO">RFC_DATA:token_retry_count:0</msg>
<msg time="2026-05-13T23:03:16.921832" level="INFO">RFC_DATA:token_retry_max_tokens:256</msg>
<msg time="2026-05-13T23:03:16.921840" level="INFO">Grading passed on attempt 1 (max_tokens=256)</msg>
<msg time="2026-05-13T23:03:16.921930" level="INFO">${score} = 1.0</msg>
<msg time="2026-05-13T23:03:16.921947" level="INFO">${reason} = The student's answer matches the expected answer.</msg>
<msg time="2026-05-13T23:03:16.921959" level="INFO">${answer} = The answer to 2 + 2 is 4.</msg>
<var>${score}</var>
<var>${reason}</var>
<var>${answer}</var>
<arg>${question}</arg>
<arg>${expected}</arg>
<arg>max_retries=${max_retries}</arg>
<doc>Ask the LLM and grade; retry with 8x tokens on wrong non-empty answers.</doc>
<status status="PASS" start="2026-05-13T23:03:12.035252" elapsed="4.886716"/>
</kw>
<kw name="Should Be Equal As Integers" owner="BuiltIn">
<msg time="2026-05-13T23:03:16.922269" level="INFO">Argument types are:
&lt;class 'float'&gt;
&lt;class 'str'&gt;</msg>
<arg>${score}</arg>
<arg>1</arg>
<doc>Fails if objects are unequal after converting them to integers.</doc>
<status status="PASS" start="2026-05-13T23:03:16.922068" elapsed="0.000239"/>
</kw>
<kw name="Log" owner="BuiltIn">
<msg time="2026-05-13T23:03:16.922453" level="INFO">Question: What is 2 + 2? | Answer: The answer to 2 + 2 is 4. | Reason: The student's answer matches the expected answer.</msg>
<arg>Question: ${question} | Answer: ${answer} | Reason: ${reason}</arg>
<doc>Logs the given message with the given level.</doc>
<status status="PASS" start="2026-05-13T23:03:16.922351" elapsed="0.000119"/>
</kw>
<arg>What is 2 + 2?</arg>
<arg>4</arg>
<status status="PASS" start="2026-05-13T23:03:12.035115" elapsed="4.887388"/>
</kw>
<doc>Can the LLM correctly answer 'What is 2 + 2?'?</doc>
<tag>math</tag>
<tag>tier:2</tag>
<tag>verify:llm</tag>
<status status="PASS" start="2026-05-13T23:03:12.034916" elapsed="4.887650"/>
</test>
<test id="s1-s1-t2" name="LLM Can Do Another Simple Math" line="11">
<kw name="Ask And Validate" owner="ask_and_validate">
<kw name="Ask And Grade With Retry" owner="LLM">
<msg time="2026-05-13T23:03:16.923108" level="INFO">What is 5 + 7?</msg>
<msg time="2026-05-13T23:03:18.386493" level="INFO">llama3 &gt;&gt; The answer to 5 + 7 is 12.</msg>
<msg time="2026-05-13T23:03:18.386648" level="INFO">The answer to 5 + 7 is 12.</msg>
<msg time="2026-05-13T23:03:18.386663" level="INFO">RFC_DATA:actual_answer:The answer to 5 + 7 is 12.</msg>
<msg time="2026-05-13T23:03:18.386675" level="INFO">RFC_DATA:num_predict:256</msg>
<msg time="2026-05-13T23:03:18.386699" level="INFO">RFC_DATA:llm_metrics:{"model_name": "llama3", "total_duration_ns": 1462182248, "load_duration_ns": 82971807, "prompt_eval_count": 18, "prompt_eval_duration_ns": 139901880, "prompt_eval_rate": 128.66, "eval_count": 13, "eval_duration_ns": 1233511488, "eval_rate": 10.54, "prompt_text": "What is 5 + 7?", "num_predict": 256}</msg>
<msg time="2026-05-13T23:03:21.822277" level="INFO">llama3 &gt;&gt; {
  "score": 1.0,
  "reason": "The student's answer matches the expected answer."
}</msg>
<msg time="2026-05-13T23:03:21.822417" level="INFO">RFC_DATA:score:1.0</msg>
<msg time="2026-05-13T23:03:21.822434" level="INFO">RFC_DATA:expected_answer:12</msg>
<msg time="2026-05-13T23:03:21.822443" level="INFO">RFC_DATA:grading_reason:The student's answer matches the expected answer.</msg>
<msg time="2026-05-13T23:03:21.822452" level="INFO">RFC_DATA:token_retry_count:0</msg>
<msg time="2026-05-13T23:03:21.822460" level="INFO">RFC_DATA:token_retry_max_tokens:256</msg>
<msg time="2026-05-13T23:03:21.822467" level="INFO">Grading passed on attempt 1 (max_tokens=256)</msg>
<msg time="2026-05-13T23:03:21.822554" level="INFO">${score} = 1.0</msg>
<msg time="2026-05-13T23:03:21.822571" level="INFO">${reason} = The student's answer matches the expected answer.</msg>
<msg time="2026-05-13T23:03:21.822623" level="INFO">${answer} = The answer to 5 + 7 is 12.</msg>
<var>${score}</var>
<var>${reason}</var>
<var>${answer}</var>
<arg>${question}</arg>
<arg>${expected}</arg>
<arg>max_retries=${max_retries}</arg>
<doc>Ask the LLM and grade; retry with 8x tokens on wrong non-empty answers.</doc>
<status status="PASS" start="2026-05-13T23:03:16.923008" elapsed="4.899625"/>
</kw>
<kw name="Should Be Equal As Integers" owner="BuiltIn">
<msg time="2026-05-13T23:03:21.822934" level="INFO">Argument types are:
&lt;class 'float'&gt;
&lt;class 'str'&gt;</msg>
<arg>${score}</arg>
<arg>1</arg>
<doc>Fails if objects are unequal after converting them to integers.</doc>
<status status="PASS" start="2026-05-13T23:03:21.822734" elapsed="0.000229"/>
</kw>
<kw name="Log" owner="BuiltIn">
<msg time="2026-05-13T23:03:21.823108" level="INFO">Question: What is 5 + 7? | Answer: The answer to 5 + 7 is 12. | Reason: The student's answer matches the expected answer.</msg>
<arg>Question: ${question} | Answer: ${answer} | Reason: ${reason}</arg>
<doc>Logs the given message with the given level.</doc>
<status status="PASS" start="2026-05-13T23:03:21.823008" elapsed="0.000120"/>
</kw>
<arg>What is 5 + 7?</arg>
<arg>12</arg>
<status status="PASS" start="2026-05-13T23:03:16.922894" elapsed="4.900260"/>
</kw>
<doc>Can the LLM correctly answer 'What is 5 + 7?'?</doc>
<tag>math</tag>
<tag>tier:2</tag>
<tag>verify:llm</tag>
<status status="PASS" start="2026-05-13T23:03:16.922697" elapsed="4.900518"/>
</test>
<doc>Initial Robot Framework test for robotframework-chat MP.</doc>
<meta name="Branch">claude/ast-foundation-spec-k7m3p</meta>
<meta name="CI">false</meta>
<meta name="CI_Platform">local</meta>
<meta name="Commit_SHA">98526f8d835984f14eb603a53dac812723358e0f</meta>
<meta name="Commit_Short_SHA">98526f8d</meta>
<meta name="Default_Model">llama3</meta>
<meta name="Failed_Tests">0</meta>
<meta name="Ollama_Endpoint">http://localhost:11434</meta>
<meta name="Passed_Tests">2</meta>
<meta name="Skipped_Tests">0</meta>
<meta name="Test_Duration_Seconds">11.642661</meta>
<meta name="Test_End_Time">2026-05-14T04:03:21.823513Z</meta>
<meta name="Test_Start_Time">2026-05-14T04:03:10.180852Z</meta>
<meta name="Timestamp">2026-05-14T04:03:10.182385Z</meta>
<meta name="Total_Tests">2</meta>
<status status="PASS" start="2026-05-13T23:03:12.032947" elapsed="9.790506"/>
</suite>
<kw name="Log" owner="BuiltIn" type="TEARDOWN">
<msg time="2026-05-13T23:03:21.823818" level="INFO">Finished Math Test Suite</msg>
<arg>Finished Math Test Suite</arg>
<doc>Logs the given message with the given level.</doc>
<status status="PASS" start="2026-05-13T23:03:21.823739" elapsed="0.000098"/>
</kw>
<doc>Math test suite. All tests in this directory and subdirectories are tagged with: math</doc>
<meta name="Branch">claude/ast-foundation-spec-k7m3p</meta>
<meta name="CI">false</meta>
<meta name="CI_Platform">local</meta>
<meta name="Commit_SHA">98526f8d835984f14eb603a53dac812723358e0f</meta>
<meta name="Commit_Short_SHA">98526f8d</meta>
<meta name="Default_Model">llama3</meta>
<meta name="Failed_Tests">0</meta>
<meta name="hostname">ai1</meta>
<meta name="model_name">llama3</meta>
<meta name="Ollama_Endpoint">http://localhost:11434</meta>
<meta name="Passed_Tests">2</meta>
<meta name="rfc_version">1.10.5</meta>
<meta name="session_id">2d2b7d269424401dbc4a3dbc768abe7b</meta>
<meta name="Skipped_Tests">0</meta>
<meta name="Test_Duration_Seconds">11.664199</meta>
<meta name="Test_End_Time">2026-05-14T04:03:21.845051Z</meta>
<meta name="Test_Start_Time">2026-05-14T04:03:10.180852Z</meta>
<meta name="test_suite">math</meta>
<meta name="Timestamp">2026-05-14T04:03:10.182385Z</meta>
<meta name="Total_Tests">2</meta>
<status status="PASS" start="2026-05-13T23:03:10.151345" elapsed="11.672505"/>
</suite>
<statistics>
<total>
<stat pass="2" fail="0" skip="0">All Tests</stat>
</total>
<tag>
<stat pass="2" fail="0" skip="0">math</stat>
<stat pass="2" fail="0" skip="0">tier:2</stat>
<stat pass="2" fail="0" skip="0">verify:llm</stat>
</tag>
<suite>
<stat name="Math Tests" id="s1" pass="2" fail="0" skip="0">Math Tests</stat>
<stat name="Llm Maths" id="s1-s1" pass="2" fail="0" skip="0">Math Tests.Llm Maths</stat>
</suite>
</statistics>
<errors>
<msg time="2026-05-13T23:03:21.842357" level="WARN">create_all() failed; running migrations anyway</msg>
<msg time="2026-05-13T23:03:21.845016" level="WARN">DbListener: FAILED to archive results: (psycopg2.OperationalError) connection to server at "localhost" (127.0.0.1), port 5432 failed: Connection refused
	Is the server running on that host and accepting TCP/IP connections?

(Background on this error at: https://sqlalche.me/e/20/e3q8)</msg>
</errors>
</robot>
