<?xml version="1.0" encoding="UTF-8"?>
<robot generator="Robot 7.4.1 (Python 3.12.2 on linux)" generated="2026-01-02T23:43:01.131545" rpa="false" schemaversion="5">
<suite id="s1" name="Llm Maths" source="/home/tyler/AI/robotframework-chat/tests/llm_maths.robot">
<test id="s1-t1" name="LLM Can Do Basic Math" line="10">
<kw name="Ask LLM" owner="LLM">
<msg time="2026-01-02T23:43:04.000495" level="INFO">${answer} = The answer to 2 + 2 is 4.</msg>
<var>${answer}</var>
<arg>${QUESTION}</arg>
<status status="PASS" start="2026-01-02T23:43:01.170394" elapsed="2.830144"/>
</kw>
<kw name="Grade Answer" owner="LLM">
<msg time="2026-01-02T23:43:07.297563" level="INFO">${score} = 1</msg>
<msg time="2026-01-02T23:43:07.297608" level="INFO">${reason} = Correct answer: The model's answer matches the expected answer.</msg>
<var>${score}</var>
<var>${reason}</var>
<arg>${QUESTION}</arg>
<arg>${EXPECTED}</arg>
<arg>${answer}</arg>
<status status="PASS" start="2026-01-02T23:43:04.000720" elapsed="3.296902"/>
</kw>
<kw name="Should Be Equal As Integers" owner="BuiltIn">
<msg time="2026-01-02T23:43:07.298133" level="INFO">Argument types are:
&lt;class 'int'&gt;
&lt;class 'str'&gt;</msg>
<arg>${score}</arg>
<arg>1</arg>
<doc>Fails if objects are unequal after converting them to integers.</doc>
<status status="PASS" start="2026-01-02T23:43:07.297883" elapsed="0.000295"/>
</kw>
<kw name="Log" owner="BuiltIn">
<msg time="2026-01-02T23:43:07.298380" level="INFO">LLM answer: The answer to 2 + 2 is 4. | Reason: Correct answer: The model's answer matches the expected answer.</msg>
<arg>LLM answer: ${answer} | Reason: ${reason}</arg>
<doc>Logs the given message with the given level.</doc>
<status status="PASS" start="2026-01-02T23:43:07.298254" elapsed="0.000144"/>
</kw>
<doc>Test that the LLM correctly answers a simple math question.</doc>
<status status="PASS" start="2026-01-02T23:43:01.170055" elapsed="6.128410"/>
</test>
<test id="s1-t2" name="LLM Can Do Another Simple Math" line="17">
<kw name="Set Variable" owner="BuiltIn">
<msg time="2026-01-02T23:43:07.298834" level="INFO">${question2} = What is 5 + 7?</msg>
<var>${question2}</var>
<arg>What is 5 + 7?</arg>
<doc>Returns the given values which can then be assigned to a variables.</doc>
<status status="PASS" start="2026-01-02T23:43:07.298731" elapsed="0.000113"/>
</kw>
<kw name="Set Variable" owner="BuiltIn">
<msg time="2026-01-02T23:43:07.298971" level="INFO">${expected2} = 12</msg>
<var>${expected2}</var>
<arg>12</arg>
<doc>Returns the given values which can then be assigned to a variables.</doc>
<status status="PASS" start="2026-01-02T23:43:07.298889" elapsed="0.000090"/>
</kw>
<kw name="Ask LLM" owner="LLM">
<msg time="2026-01-02T23:43:08.689204" level="INFO">${answer2} = The answer to 5 + 7 is 12.</msg>
<var>${answer2}</var>
<arg>${question2}</arg>
<status status="PASS" start="2026-01-02T23:43:07.299023" elapsed="1.390215"/>
</kw>
<kw name="Grade Answer" owner="LLM">
<msg time="2026-01-02T23:43:11.979184" level="INFO">${score2} = 1</msg>
<msg time="2026-01-02T23:43:11.979227" level="INFO">${reason2} = Correct answer: The model's answer matches the expected answer.</msg>
<var>${score2}</var>
<var>${reason2}</var>
<arg>${question2}</arg>
<arg>${expected2}</arg>
<arg>${answer2}</arg>
<status status="PASS" start="2026-01-02T23:43:08.689388" elapsed="3.289851"/>
</kw>
<kw name="Should Be Equal As Integers" owner="BuiltIn">
<msg time="2026-01-02T23:43:11.979608" level="INFO">Argument types are:
&lt;class 'int'&gt;
&lt;class 'str'&gt;</msg>
<arg>${score2}</arg>
<arg>1</arg>
<doc>Fails if objects are unequal after converting them to integers.</doc>
<status status="PASS" start="2026-01-02T23:43:11.979393" elapsed="0.000247"/>
</kw>
<kw name="Log" owner="BuiltIn">
<msg time="2026-01-02T23:43:11.979808" level="INFO">LLM answer: The answer to 5 + 7 is 12. | Reason: Correct answer: The model's answer matches the expected answer.</msg>
<arg>LLM answer: ${answer2} | Reason: ${reason2}</arg>
<doc>Logs the given message with the given level.</doc>
<status status="PASS" start="2026-01-02T23:43:11.979699" elapsed="0.000126"/>
</kw>
<doc>Test a second math question for regression.</doc>
<status status="PASS" start="2026-01-02T23:43:07.298571" elapsed="4.681318"/>
</test>
<doc>Initial Robot Framework test for robotframework-chat MP.</doc>
<status status="PASS" start="2026-01-02T23:43:01.132037" elapsed="10.848084"/>
</suite>
<statistics>
<total>
<stat pass="2" fail="0" skip="0">All Tests</stat>
</total>
<tag>
</tag>
<suite>
<stat name="Llm Maths" id="s1" pass="2" fail="0" skip="0">Llm Maths</stat>
</suite>
</statistics>
<errors>
</errors>
</robot>
