<?xml version="1.0" encoding="UTF-8"?>
<robot generator="Robot 7.4.1 (Python 3.13.11 on linux)" generated="2026-02-17T06:15:09.998960" rpa="false" schemaversion="5">
<suite id="s1" name="Tests" source="/home/tyler/AI/github/rfc/robot/math/tests">
<kw name="Log" owner="BuiltIn" type="SETUP">
<msg time="2026-02-17T06:15:10.052171" level="INFO">Starting Math Test Suite</msg>
<arg>Starting Math Test Suite</arg>
<doc>Logs the given message with the given level.</doc>
<status status="PASS" start="2026-02-17T06:15:10.052042" elapsed="0.000160"/>
</kw>
<suite id="s1-s1" name="Iq" source="/home/tyler/AI/github/rfc/robot/math/tests/iq.robot">
<test id="s1-s1-t1" name="IQ 100 Basic Addition" line="26">
<kw name="Generate Random Integer">
<kw name="Evaluate" owner="BuiltIn">
<msg time="2026-02-17T06:15:10.074682" level="INFO">${rand} = -6453</msg>
<var>${rand}</var>
<arg>random.randint(${SEED_START}, ${SEED_END})</arg>
<arg>modules=random</arg>
<doc>Evaluates the given expression in Python and returns the result.</doc>
<status status="PASS" start="2026-02-17T06:15:10.074455" elapsed="0.000245"/>
</kw>
<return>
<value>${rand}</value>
<status status="PASS" start="2026-02-17T06:15:10.074747" elapsed="0.000032"/>
</return>
<msg time="2026-02-17T06:15:10.074844" level="INFO">${a} = -6453</msg>
<var>${a}</var>
<status status="PASS" start="2026-02-17T06:15:10.074279" elapsed="0.000578"/>
</kw>
<kw name="Generate Random Integer">
<kw name="Evaluate" owner="BuiltIn">
<msg time="2026-02-17T06:15:10.075177" level="INFO">${rand} = -4561</msg>
<var>${rand}</var>
<arg>random.randint(${SEED_START}, ${SEED_END})</arg>
<arg>modules=random</arg>
<doc>Evaluates the given expression in Python and returns the result.</doc>
<status status="PASS" start="2026-02-17T06:15:10.075027" elapsed="0.000161"/>
</kw>
<return>
<value>${rand}</value>
<status status="PASS" start="2026-02-17T06:15:10.075217" elapsed="0.000020"/>
</return>
<msg time="2026-02-17T06:15:10.075288" level="INFO">${b} = -4561</msg>
<var>${b}</var>
<status status="PASS" start="2026-02-17T06:15:10.074940" elapsed="0.000358"/>
</kw>
<kw name="Set Variable" owner="BuiltIn">
<msg time="2026-02-17T06:15:10.075457" level="INFO">${question} = What is -6453 plus -4561? Explain your steps.</msg>
<var>${question}</var>
<arg>What is ${a} plus ${b}? Explain your steps.</arg>
<doc>Returns the given values which can then be assigned to a variables.</doc>
<status status="PASS" start="2026-02-17T06:15:10.075350" elapsed="0.000118"/>
</kw>
<kw name="Evaluate" owner="BuiltIn">
<msg time="2026-02-17T06:15:10.075623" level="INFO">${expected} = -11014</msg>
<var>${expected}</var>
<arg>${a}+${b}</arg>
<doc>Evaluates the given expression in Python and returns the result.</doc>
<status status="PASS" start="2026-02-17T06:15:10.075516" elapsed="0.000117"/>
</kw>
<kw name="Ask And Validate">
<kw name="Ask LLM" owner="LLM">
<msg time="2026-02-17T06:15:10.075850" level="INFO">What is -6453 plus -4561? Explain your steps.</msg>
<msg time="2026-02-17T06:15:28.848014" level="INFO">llama3 &gt;&gt; To calculate the result of adding two negative numbers, I'll follow these steps:

1. Start with the first number: -6453
2. Add the second number: -4561

Here's the calculation:

-6453 + (-4561) = ?

To add these two negative numbers, I'll combine them by subtracting their absolute values (the numbers without the minus signs). The absolute value of -6453 is 6453, and the absolute value of -4561 is 4561.

Now, subtract the smaller absolute value from the larger one:

6453 - 4561 = 1892

So, I'll add the minus sign to the result:

-1892

Therefore, the result of adding -6453 and -4561 is:

-6453 + (-4561) = -1892</msg>
<msg time="2026-02-17T06:15:28.848136" level="INFO">To calculate the result of adding two negative numbers, I'll follow these steps:

1. Start with the first number: -6453
2. Add the second number: -4561

Here's the calculation:

-6453 + (-4561) = ?

To add these two negative numbers, I'll combine them by subtracting their absolute values (the numbers without the minus signs). The absolute value of -6453 is 6453, and the absolute value of -4561 is 4561.

Now, subtract the smaller absolute value from the larger one:

6453 - 4561 = 1892

So, I'll add the minus sign to the result:

-1892

Therefore, the result of adding -6453 and -4561 is:

-6453 + (-4561) = -1892</msg>
<msg time="2026-02-17T06:15:28.848223" level="INFO">${answer} = To calculate the result of adding two negative numbers, I'll follow these steps:

1. Start with the first number: -6453
2. Add the second number: -4561

Here's the calculation:

-6453 + (-4561) = ?

T...</msg>
<var>${answer}</var>
<arg>${question}</arg>
<status status="PASS" start="2026-02-17T06:15:10.075801" elapsed="18.772437"/>
</kw>
<kw name="Grade Answer" owner="LLM">
<msg time="2026-02-17T06:15:33.705676" level="INFO">llama3 &gt;&gt; {
  "score": 0,
  "reason": "Incorrect calculation. The correct result is -11014, not -1892."
}</msg>
<msg time="2026-02-17T06:15:33.705906" level="INFO">${score} = 0</msg>
<msg time="2026-02-17T06:15:33.705929" level="INFO">${reason} = Incorrect calculation. The correct result is -11014, not -1892.</msg>
<var>${score}</var>
<var>${reason}</var>
<arg>${question}</arg>
<arg>${expected}</arg>
<arg>${answer}</arg>
<status status="PASS" start="2026-02-17T06:15:28.848363" elapsed="4.857578"/>
</kw>
<kw name="Should Be Equal As Integers" owner="BuiltIn">
<msg time="2026-02-17T06:15:33.706270" level="INFO">Argument types are:
&lt;class 'int'&gt;
&lt;class 'str'&gt;</msg>
<msg time="2026-02-17T06:15:33.706352" level="FAIL">0 != 1</msg>
<arg>${score}</arg>
<arg>1</arg>
<doc>Fails if objects are unequal after converting them to integers.</doc>
<status status="FAIL" start="2026-02-17T06:15:33.706065" elapsed="0.000384">0 != 1</status>
</kw>
<kw name="Log" owner="BuiltIn">
<arg>Question: ${question} | Answer: ${answer} | Reason: ${reason}</arg>
<doc>Logs the given message with the given level.</doc>
<status status="NOT RUN" start="2026-02-17T06:15:33.706520" elapsed="0.000016"/>
</kw>
<arg>${question}</arg>
<arg>${expected}</arg>
<status status="FAIL" start="2026-02-17T06:15:10.075700" elapsed="23.630897">0 != 1</status>
</kw>
<tag>IQ:100</tag>
<tag>math</tag>
<status status="FAIL" start="2026-02-17T06:15:10.074066" elapsed="23.632659">0 != 1</status>
</test>
<test id="s1-s1-t2" name="IQ 110 Simple Subtraction and Reasoning" line="34">
<kw name="Generate Random Integer">
<kw name="Evaluate" owner="BuiltIn">
<msg time="2026-02-17T06:15:33.707618" level="INFO">${rand} = -8777</msg>
<var>${rand}</var>
<arg>random.randint(${SEED_START}, ${SEED_END})</arg>
<arg>modules=random</arg>
<doc>Evaluates the given expression in Python and returns the result.</doc>
<status status="PASS" start="2026-02-17T06:15:33.707395" elapsed="0.000241"/>
</kw>
<return>
<value>${rand}</value>
<status status="PASS" start="2026-02-17T06:15:33.707669" elapsed="0.000025"/>
</return>
<msg time="2026-02-17T06:15:33.707749" level="INFO">${x} = -8777</msg>
<var>${x}</var>
<status status="PASS" start="2026-02-17T06:15:33.707291" elapsed="0.000469"/>
</kw>
<kw name="Generate Random Integer">
<kw name="Evaluate" owner="BuiltIn">
<msg time="2026-02-17T06:15:33.708062" level="INFO">${rand} = 6880</msg>
<var>${rand}</var>
<arg>random.randint(${SEED_START}, ${SEED_END})</arg>
<arg>modules=random</arg>
<doc>Evaluates the given expression in Python and returns the result.</doc>
<status status="PASS" start="2026-02-17T06:15:33.707910" elapsed="0.000163"/>
</kw>
<return>
<value>${rand}</value>
<status status="PASS" start="2026-02-17T06:15:33.708098" elapsed="0.000016"/>
</return>
<msg time="2026-02-17T06:15:33.708158" level="INFO">${y} = 6880</msg>
<var>${y}</var>
<status status="PASS" start="2026-02-17T06:15:33.707831" elapsed="0.000336"/>
</kw>
<kw name="Set Variable" owner="BuiltIn">
<msg time="2026-02-17T06:15:33.708322" level="INFO">${question} = Subtract 6880 from -8777 and explain why the result is correct.</msg>
<var>${question}</var>
<arg>Subtract ${y} from ${x} and explain why the result is correct.</arg>
<doc>Returns the given values which can then be assigned to a variables.</doc>
<status status="PASS" start="2026-02-17T06:15:33.708217" elapsed="0.000116"/>
</kw>
<kw name="Evaluate" owner="BuiltIn">
<msg time="2026-02-17T06:15:33.708532" level="INFO">${expected} = -15657</msg>
<var>${expected}</var>
<arg>${x}-${y}</arg>
<doc>Evaluates the given expression in Python and returns the result.</doc>
<status status="PASS" start="2026-02-17T06:15:33.708414" elapsed="0.000129"/>
</kw>
<kw name="Ask And Validate">
<kw name="Ask LLM" owner="LLM">
<msg time="2026-02-17T06:15:33.708770" level="INFO">Subtract 6880 from -8777 and explain why the result is correct.</msg>
<msg time="2026-02-17T06:15:52.421261" level="INFO">llama3 &gt;&gt; A clever question!

When subtracting a positive number (in this case, 6880) from a negative number (-8777), we need to follow the rules of integer arithmetic.

In particular, when subtracting a positive number from a negative number, we can think of it as adding the opposite of that positive number (i.e., its negative equivalent) to the original negative number. In this case:

-8777 - 6880 = ?

So, we add the opposite of 6880, which is -6880, to -8777:

-8777 + (-6880) = ?

Now, let's perform the addition:

-8777 + (-6880) = -15657

And that's the correct result!

In summary, subtracting a positive number from a negative number is equivalent to adding its opposite (the same magnitude but with the opposite sign) to the original negative number.</msg>
<msg time="2026-02-17T06:15:52.421384" level="INFO">A clever question!

When subtracting a positive number (in this case, 6880) from a negative number (-8777), we need to follow the rules of integer arithmetic.

In particular, when subtracting a positive number from a negative number, we can think of it as adding the opposite of that positive number (i.e., its negative equivalent) to the original negative number. In this case:

-8777 - 6880 = ?

So, we add the opposite of 6880, which is -6880, to -8777:

-8777 + (-6880) = ?

Now, let's perform the addition:

-8777 + (-6880) = -15657

And that's the correct result!

In summary, subtracting a positive number from a negative number is equivalent to adding its opposite (the same magnitude but with the opposite sign) to the original negative number.</msg>
<msg time="2026-02-17T06:15:52.421469" level="INFO">${answer} = A clever question!

When subtracting a positive number (in this case, 6880) from a negative number (-8777), we need to follow the rules of integer arithmetic.

In particular, when subtracting a positi...</msg>
<var>${answer}</var>
<arg>${question}</arg>
<status status="PASS" start="2026-02-17T06:15:33.708718" elapsed="18.712764"/>
</kw>
<kw name="Grade Answer" owner="LLM">
<msg time="2026-02-17T06:15:57.835399" level="INFO">llama3 &gt;&gt; {
  "score": 1,
  "reason": "Correctly explained the subtraction of a positive number from a negative number, demonstrating understanding of integer arithmetic rules."
}</msg>
<msg time="2026-02-17T06:15:57.835603" level="INFO">${score} = 1</msg>
<msg time="2026-02-17T06:15:57.835631" level="INFO">${reason} = Correctly explained the subtraction of a positive number from a negative number, demonstrating understanding of integer arithmetic rules.</msg>
<var>${score}</var>
<var>${reason}</var>
<arg>${question}</arg>
<arg>${expected}</arg>
<arg>${answer}</arg>
<status status="PASS" start="2026-02-17T06:15:52.421609" elapsed="5.414034"/>
</kw>
<kw name="Should Be Equal As Integers" owner="BuiltIn">
<msg time="2026-02-17T06:15:57.835968" level="INFO">Argument types are:
&lt;class 'int'&gt;
&lt;class 'str'&gt;</msg>
<arg>${score}</arg>
<arg>1</arg>
<doc>Fails if objects are unequal after converting them to integers.</doc>
<status status="PASS" start="2026-02-17T06:15:57.835768" elapsed="0.000230"/>
</kw>
<kw name="Log" owner="BuiltIn">
<msg time="2026-02-17T06:15:57.836158" level="INFO">Question: Subtract 6880 from -8777 and explain why the result is correct. | Answer: A clever question!

When subtracting a positive number (in this case, 6880) from a negative number (-8777), we need to follow the rules of integer arithmetic.

In particular, when subtracting a positive number from a negative number, we can think of it as adding the opposite of that positive number (i.e., its negative equivalent) to the original negative number. In this case:

-8777 - 6880 = ?

So, we add the opposite of 6880, which is -6880, to -8777:

-8777 + (-6880) = ?

Now, let's perform the addition:

-8777 + (-6880) = -15657

And that's the correct result!

In summary, subtracting a positive number from a negative number is equivalent to adding its opposite (the same magnitude but with the opposite sign) to the original negative number. | Reason: Correctly explained the subtraction of a positive number from a negative number, demonstrating understanding of integer arithmetic rules.</msg>
<arg>Question: ${question} | Answer: ${answer} | Reason: ${reason}</arg>
<doc>Logs the given message with the given level.</doc>
<status status="PASS" start="2026-02-17T06:15:57.836052" elapsed="0.000125"/>
</kw>
<arg>${question}</arg>
<arg>${expected}</arg>
<status status="PASS" start="2026-02-17T06:15:33.708614" elapsed="24.127599"/>
</kw>
<tag>IQ:110</tag>
<tag>math</tag>
<status status="PASS" start="2026-02-17T06:15:33.706857" elapsed="24.129447"/>
</test>
<test id="s1-s1-t3" name="IQ 120 Multiplication Pattern Recognition" line="42">
<kw name="Generate Random Integer">
<kw name="Evaluate" owner="BuiltIn">
<msg time="2026-02-17T06:15:57.836900" level="INFO">${rand} = 4994</msg>
<var>${rand}</var>
<arg>random.randint(${SEED_START}, ${SEED_END})</arg>
<arg>modules=random</arg>
<doc>Evaluates the given expression in Python and returns the result.</doc>
<status status="PASS" start="2026-02-17T06:15:57.836693" elapsed="0.000219"/>
</kw>
<return>
<value>${rand}</value>
<status status="PASS" start="2026-02-17T06:15:57.836944" elapsed="0.000031"/>
</return>
<msg time="2026-02-17T06:15:57.837031" level="INFO">${m} = 4994</msg>
<var>${m}</var>
<status status="PASS" start="2026-02-17T06:15:57.836595" elapsed="0.000446"/>
</kw>
<kw name="Generate Random Integer">
<kw name="Evaluate" owner="BuiltIn">
<msg time="2026-02-17T06:15:57.837328" level="INFO">${rand} = -1928</msg>
<var>${rand}</var>
<arg>random.randint(${SEED_START}, ${SEED_END})</arg>
<arg>modules=random</arg>
<doc>Evaluates the given expression in Python and returns the result.</doc>
<status status="PASS" start="2026-02-17T06:15:57.837184" elapsed="0.000155"/>
</kw>
<return>
<value>${rand}</value>
<status status="PASS" start="2026-02-17T06:15:57.837364" elapsed="0.000016"/>
</return>
<msg time="2026-02-17T06:15:57.837424" level="INFO">${n} = -1928</msg>
<var>${n}</var>
<status status="PASS" start="2026-02-17T06:15:57.837110" elapsed="0.000323"/>
</kw>
<kw name="Set Variable" owner="BuiltIn">
<msg time="2026-02-17T06:15:57.837581" level="INFO">${question} = Multiply 4994 by -1928 and describe a pattern you notice in the result.</msg>
<var>${question}</var>
<arg>Multiply ${m} by ${n} and describe a pattern you notice in the result.</arg>
<doc>Returns the given values which can then be assigned to a variables.</doc>
<status status="PASS" start="2026-02-17T06:15:57.837483" elapsed="0.000109"/>
</kw>
<kw name="Evaluate" owner="BuiltIn">
<msg time="2026-02-17T06:15:57.837748" level="INFO">${expected} = -9628432</msg>
<var>${expected}</var>
<arg>${m}*${n}</arg>
<doc>Evaluates the given expression in Python and returns the result.</doc>
<status status="PASS" start="2026-02-17T06:15:57.837641" elapsed="0.000117"/>
</kw>
<kw name="Ask And Validate">
<kw name="Ask LLM" owner="LLM">
<msg time="2026-02-17T06:15:57.837970" level="INFO">Multiply 4994 by -1928 and describe a pattern you notice in the result.</msg>
<msg time="2026-02-17T06:16:18.101085" level="INFO">llama3 &gt;&gt; A fun math problem!

Multiplying 4994 by -1928 gives us:

-4994 × -1928 = 9,634,912

Now, let's take a closer look at the result...

I notice that the result is a very large positive number! In fact, it looks like the product of two negative numbers should be a positive number. This might seem counterintuitive at first, but it's actually due to the way we define multiplication with negative numbers.

When you multiply two negative numbers together, the result is always positive because the negative signs "cancel each other out." Think of it like this: if you have -2 apples and -3 oranges, when you combine them, you get 6 fruits (2 apples + 3 oranges = 5 fruits, which is equivalent to 1 fruit × 6).

In our example, multiplying -4994 by -1928 effectively "cancels out" the negative signs, resulting in a very large positive number.</msg>
<msg time="2026-02-17T06:16:18.101232" level="INFO">A fun math problem!

Multiplying 4994 by -1928 gives us:

-4994 × -1928 = 9,634,912

Now, let's take a closer look at the result...

I notice that the result is a very large positive number! In fact, it looks like the product of two negative numbers should be a positive number. This might seem counterintuitive at first, but it's actually due to the way we define multiplication with negative numbers.

When you multiply two negative numbers together, the result is always positive because the negative signs "cancel each other out." Think of it like this: if you have -2 apples and -3 oranges, when you combine them, you get 6 fruits (2 apples + 3 oranges = 5 fruits, which is equivalent to 1 fruit × 6).

In our example, multiplying -4994 by -1928 effectively "cancels out" the negative signs, resulting in a very large positive number.</msg>
<msg time="2026-02-17T06:16:18.101322" level="INFO">${answer} = A fun math problem!

Multiplying 4994 by -1928 gives us:

-4994 × -1928 = 9,634,912

Now, let's take a closer look at the result...

I notice that the result is a very large positive number! In fact, ...</msg>
<var>${answer}</var>
<arg>${question}</arg>
<status status="PASS" start="2026-02-17T06:15:57.837919" elapsed="20.263418"/>
</kw>
<kw name="Grade Answer" owner="LLM">
<msg time="2026-02-17T06:16:24.549518" level="INFO">llama3 &gt;&gt; {
  "score": 1,
  "reason": "Correctly described the pattern of multiplying two negative numbers, explaining that the result is always positive due to the 'cancellation' of the negative signs."
}</msg>
<msg time="2026-02-17T06:16:24.549725" level="INFO">${score} = 1</msg>
<msg time="2026-02-17T06:16:24.549746" level="INFO">${reason} = Correctly described the pattern of multiplying two negative numbers, explaining that the result is always positive due to the 'cancellation' of the negative signs.</msg>
<var>${score}</var>
<var>${reason}</var>
<arg>${question}</arg>
<arg>${expected}</arg>
<arg>${answer}</arg>
<status status="PASS" start="2026-02-17T06:16:18.101454" elapsed="6.448304"/>
</kw>
<kw name="Should Be Equal As Integers" owner="BuiltIn">
<msg time="2026-02-17T06:16:24.550080" level="INFO">Argument types are:
&lt;class 'int'&gt;
&lt;class 'str'&gt;</msg>
<arg>${score}</arg>
<arg>1</arg>
<doc>Fails if objects are unequal after converting them to integers.</doc>
<status status="PASS" start="2026-02-17T06:16:24.549886" elapsed="0.000222"/>
</kw>
<kw name="Log" owner="BuiltIn">
<msg time="2026-02-17T06:16:24.550266" level="INFO">Question: Multiply 4994 by -1928 and describe a pattern you notice in the result. | Answer: A fun math problem!

Multiplying 4994 by -1928 gives us:

-4994 × -1928 = 9,634,912

Now, let's take a closer look at the result...

I notice that the result is a very large positive number! In fact, it looks like the product of two negative numbers should be a positive number. This might seem counterintuitive at first, but it's actually due to the way we define multiplication with negative numbers.

When you multiply two negative numbers together, the result is always positive because the negative signs "cancel each other out." Think of it like this: if you have -2 apples and -3 oranges, when you combine them, you get 6 fruits (2 apples + 3 oranges = 5 fruits, which is equivalent to 1 fruit × 6).

In our example, multiplying -4994 by -1928 effectively "cancels out" the negative signs, resulting in a very large positive number. | Reason: Correctly described the pattern of multiplying two negative numbers, explaining that the result is always positive due to the 'cancellation' of the negative signs.</msg>
<arg>Question: ${question} | Answer: ${answer} | Reason: ${reason}</arg>
<doc>Logs the given message with the given level.</doc>
<status status="PASS" start="2026-02-17T06:16:24.550160" elapsed="0.000127"/>
</kw>
<arg>${question}</arg>
<arg>${expected}</arg>
<status status="PASS" start="2026-02-17T06:15:57.837823" elapsed="26.712498"/>
</kw>
<tag>IQ:120</tag>
<tag>math</tag>
<status status="PASS" start="2026-02-17T06:15:57.836420" elapsed="26.713988"/>
</test>
<test id="s1-s1-t4" name="IQ 130 Division with Remainders" line="50">
<kw name="Generate Random Integer">
<kw name="Evaluate" owner="BuiltIn">
<msg time="2026-02-17T06:16:24.550985" level="INFO">${rand} = 265</msg>
<var>${rand}</var>
<arg>random.randint(${SEED_START}, ${SEED_END})</arg>
<arg>modules=random</arg>
<doc>Evaluates the given expression in Python and returns the result.</doc>
<status status="PASS" start="2026-02-17T06:16:24.550783" elapsed="0.000215"/>
</kw>
<return>
<value>${rand}</value>
<status status="PASS" start="2026-02-17T06:16:24.551030" elapsed="0.000031"/>
</return>
<msg time="2026-02-17T06:16:24.551113" level="INFO">${num} = 265</msg>
<var>${num}</var>
<status status="PASS" start="2026-02-17T06:16:24.550691" elapsed="0.000432"/>
</kw>
<kw name="Generate Random Integer">
<kw name="Evaluate" owner="BuiltIn">
<msg time="2026-02-17T06:16:24.551410" level="INFO">${rand} = -3023</msg>
<var>${rand}</var>
<arg>random.randint(${SEED_START}, ${SEED_END})</arg>
<arg>modules=random</arg>
<doc>Evaluates the given expression in Python and returns the result.</doc>
<status status="PASS" start="2026-02-17T06:16:24.551266" elapsed="0.000155"/>
</kw>
<return>
<value>${rand}</value>
<status status="PASS" start="2026-02-17T06:16:24.551446" elapsed="0.000016"/>
</return>
<msg time="2026-02-17T06:16:24.551506" level="INFO">${div} = -3023</msg>
<var>${div}</var>
<status status="PASS" start="2026-02-17T06:16:24.551190" elapsed="0.000325"/>
</kw>
<kw name="Set Variable" owner="BuiltIn">
<msg time="2026-02-17T06:16:24.551671" level="INFO">${question} = Divide 265 by -3023. Give both quotient and remainder, explaining your reasoning.</msg>
<var>${question}</var>
<arg>Divide ${num} by ${div}. Give both quotient and remainder, explaining your reasoning.</arg>
<doc>Returns the given values which can then be assigned to a variables.</doc>
<status status="PASS" start="2026-02-17T06:16:24.551564" elapsed="0.000117"/>
</kw>
<kw name="Evaluate" owner="BuiltIn">
<msg time="2026-02-17T06:16:24.551834" level="INFO">${expected} = -1</msg>
<var>${expected}</var>
<arg>${num}//${div}</arg>
<doc>Evaluates the given expression in Python and returns the result.</doc>
<status status="PASS" start="2026-02-17T06:16:24.551727" elapsed="0.000117"/>
</kw>
<kw name="Ask And Validate">
<kw name="Ask LLM" owner="LLM">
<msg time="2026-02-17T06:16:24.552058" level="INFO">Divide 265 by -3023. Give both quotient and remainder, explaining your reasoning.</msg>
<msg time="2026-02-17T06:16:50.105313" level="INFO">llama3 &gt;&gt; A division problem with a negative divisor!

To divide 265 by -3023, I'll follow the standard procedure for dividing two integers:

1. Divide the dividend (265) by the divisor (-3023), considering the sign of the result.
2. If the quotient is positive or zero, the remainder will be between 0 and the absolute value of the divisor. If the quotient is negative, the remainder will be between -abs(divisor) and 0.

Now, let's perform the division:

265 ÷ -3023 = ?

Since -3023 is a negative number, I'll use the rules for dividing by a negative integer:

* The sign of the result (quotient) will be positive.
* The remainder will be between 0 and |3023| (the absolute value of the divisor).

Performing the division:

265 ÷ -3023 = -0.088 (approximately)

The quotient is approximately -0.088, which is a negative number.

Now, let's find the remainder:

Remainder = 265 mod (-3023) = 265 % (-3023)
= 265 + 3023 × (-1) (since -3023 is a multiple of 265)
= 265 -</msg>
<msg time="2026-02-17T06:16:50.105433" level="INFO">A division problem with a negative divisor!

To divide 265 by -3023, I'll follow the standard procedure for dividing two integers:

1. Divide the dividend (265) by the divisor (-3023), considering the sign of the result.
2. If the quotient is positive or zero, the remainder will be between 0 and the absolute value of the divisor. If the quotient is negative, the remainder will be between -abs(divisor) and 0.

Now, let's perform the division:

265 ÷ -3023 = ?

Since -3023 is a negative number, I'll use the rules for dividing by a negative integer:

* The sign of the result (quotient) will be positive.
* The remainder will be between 0 and |3023| (the absolute value of the divisor).

Performing the division:

265 ÷ -3023 = -0.088 (approximately)

The quotient is approximately -0.088, which is a negative number.

Now, let's find the remainder:

Remainder = 265 mod (-3023) = 265 % (-3023)
= 265 + 3023 × (-1) (since -3023 is a multiple of 265)
= 265 -</msg>
<msg time="2026-02-17T06:16:50.105564" level="INFO">${answer} = A division problem with a negative divisor!

To divide 265 by -3023, I'll follow the standard procedure for dividing two integers:

1. Divide the dividend (265) by the divisor (-3023), considering the...</msg>
<var>${answer}</var>
<arg>${question}</arg>
<status status="PASS" start="2026-02-17T06:16:24.552007" elapsed="25.553571"/>
</kw>
<kw name="Grade Answer" owner="LLM">
<msg time="2026-02-17T06:16:54.914033" level="INFO">llama3 &gt;&gt; {
  "score": 1,
  "reason": "Correctly divided the numbers and explained the reasoning."
}</msg>
<msg time="2026-02-17T06:16:54.914231" level="INFO">${score} = 1</msg>
<msg time="2026-02-17T06:16:54.914254" level="INFO">${reason} = Correctly divided the numbers and explained the reasoning.</msg>
<var>${score}</var>
<var>${reason}</var>
<arg>${question}</arg>
<arg>${expected}</arg>
<arg>${answer}</arg>
<status status="PASS" start="2026-02-17T06:16:50.105707" elapsed="4.808559"/>
</kw>
<kw name="Should Be Equal As Integers" owner="BuiltIn">
<msg time="2026-02-17T06:16:54.914599" level="INFO">Argument types are:
&lt;class 'int'&gt;
&lt;class 'str'&gt;</msg>
<arg>${score}</arg>
<arg>1</arg>
<doc>Fails if objects are unequal after converting them to integers.</doc>
<status status="PASS" start="2026-02-17T06:16:54.914397" elapsed="0.000243"/>
</kw>
<kw name="Log" owner="BuiltIn">
<msg time="2026-02-17T06:16:54.914812" level="INFO">Question: Divide 265 by -3023. Give both quotient and remainder, explaining your reasoning. | Answer: A division problem with a negative divisor!

To divide 265 by -3023, I'll follow the standard procedure for dividing two integers:

1. Divide the dividend (265) by the divisor (-3023), considering the sign of the result.
2. If the quotient is positive or zero, the remainder will be between 0 and the absolute value of the divisor. If the quotient is negative, the remainder will be between -abs(divisor) and 0.

Now, let's perform the division:

265 ÷ -3023 = ?

Since -3023 is a negative number, I'll use the rules for dividing by a negative integer:

* The sign of the result (quotient) will be positive.
* The remainder will be between 0 and |3023| (the absolute value of the divisor).

Performing the division:

265 ÷ -3023 = -0.088 (approximately)

The quotient is approximately -0.088, which is a negative number.

Now, let's find the remainder:

Remainder = 265 mod (-3023) = 265 % (-3023)
= 265 + 3023 × (-1) (since -3023 is a multiple of 265)
= 265 - | Reason: Correctly divided the numbers and explained the reasoning.</msg>
<arg>Question: ${question} | Answer: ${answer} | Reason: ${reason}</arg>
<doc>Logs the given message with the given level.</doc>
<status status="PASS" start="2026-02-17T06:16:54.914698" elapsed="0.000135"/>
</kw>
<arg>${question}</arg>
<arg>${expected}</arg>
<status status="PASS" start="2026-02-17T06:16:24.551911" elapsed="30.362959"/>
</kw>
<tag>IQ:130</tag>
<tag>math</tag>
<status status="PASS" start="2026-02-17T06:16:24.550508" elapsed="30.364446"/>
</test>
<test id="s1-s1-t5" name="IQ 140 Simple Algebra: Solve for X" line="58">
<kw name="Generate Random Integer">
<kw name="Evaluate" owner="BuiltIn">
<msg time="2026-02-17T06:16:54.915539" level="INFO">${rand} = 9490</msg>
<var>${rand}</var>
<arg>random.randint(${SEED_START}, ${SEED_END})</arg>
<arg>modules=random</arg>
<doc>Evaluates the given expression in Python and returns the result.</doc>
<status status="PASS" start="2026-02-17T06:16:54.915337" elapsed="0.000215"/>
</kw>
<return>
<value>${rand}</value>
<status status="PASS" start="2026-02-17T06:16:54.915583" elapsed="0.000031"/>
</return>
<msg time="2026-02-17T06:16:54.915676" level="INFO">${a} = 9490</msg>
<var>${a}</var>
<status status="PASS" start="2026-02-17T06:16:54.915244" elapsed="0.000442"/>
</kw>
<kw name="Generate Random Integer">
<kw name="Evaluate" owner="BuiltIn">
<msg time="2026-02-17T06:16:54.915979" level="INFO">${rand} = -6914</msg>
<var>${rand}</var>
<arg>random.randint(${SEED_START}, ${SEED_END})</arg>
<arg>modules=random</arg>
<doc>Evaluates the given expression in Python and returns the result.</doc>
<status status="PASS" start="2026-02-17T06:16:54.915832" elapsed="0.000159"/>
</kw>
<return>
<value>${rand}</value>
<status status="PASS" start="2026-02-17T06:16:54.916015" elapsed="0.000016"/>
</return>
<msg time="2026-02-17T06:16:54.916075" level="INFO">${b} = -6914</msg>
<var>${b}</var>
<status status="PASS" start="2026-02-17T06:16:54.915754" elapsed="0.000330"/>
</kw>
<kw name="Generate Random Integer">
<kw name="Evaluate" owner="BuiltIn">
<msg time="2026-02-17T06:16:54.916350" level="INFO">${rand} = -7405</msg>
<var>${rand}</var>
<arg>random.randint(${SEED_START}, ${SEED_END})</arg>
<arg>modules=random</arg>
<doc>Evaluates the given expression in Python and returns the result.</doc>
<status status="PASS" start="2026-02-17T06:16:54.916218" elapsed="0.000143"/>
</kw>
<return>
<value>${rand}</value>
<status status="PASS" start="2026-02-17T06:16:54.916386" elapsed="0.000015"/>
</return>
<msg time="2026-02-17T06:16:54.916444" level="INFO">${c} = -7405</msg>
<var>${c}</var>
<status status="PASS" start="2026-02-17T06:16:54.916147" elapsed="0.000307"/>
</kw>
<kw name="Set Variable" owner="BuiltIn">
<msg time="2026-02-17T06:16:54.916645" level="INFO">${question} = Solve for x in the equation 9490*x + -6914 = -7405 and explain each step.</msg>
<var>${question}</var>
<arg>Solve for x in the equation ${a}*x + ${b} = ${c} and explain each step.</arg>
<doc>Returns the given values which can then be assigned to a variables.</doc>
<status status="PASS" start="2026-02-17T06:16:54.916505" elapsed="0.000152"/>
</kw>
<kw name="Evaluate" owner="BuiltIn">
<msg time="2026-02-17T06:16:54.916828" level="INFO">${expected} = -0.05173867228661749</msg>
<var>${expected}</var>
<arg>(${c}-${b})/${a}</arg>
<doc>Evaluates the given expression in Python and returns the result.</doc>
<status status="PASS" start="2026-02-17T06:16:54.916705" elapsed="0.000133"/>
</kw>
<kw name="Ask And Validate">
<kw name="Ask LLM" owner="LLM">
<msg time="2026-02-17T06:16:54.917051" level="INFO">Solve for x in the equation 9490*x + -6914 = -7405 and explain each step.</msg>
<msg time="2026-02-17T06:17:08.849892" level="INFO">llama3 &gt;&gt; To solve for x, we can start by adding 6914 to both sides of the equation:

9490x + (-6914) = -7405
9490x + 6914 = -7405 + 6914 (adding 6914 to both sides)

This simplifies to:

9490x = -1331

Next, we can divide both sides of the equation by 9490 to solve for x:

(9490x) / 9490 = (-1331) / 9490

This simplifies to:

x = -1331/9490

So, the value of x is -1331 divided by 9490.</msg>
<msg time="2026-02-17T06:17:08.850007" level="INFO">To solve for x, we can start by adding 6914 to both sides of the equation:

9490x + (-6914) = -7405
9490x + 6914 = -7405 + 6914 (adding 6914 to both sides)

This simplifies to:

9490x = -1331

Next, we can divide both sides of the equation by 9490 to solve for x:

(9490x) / 9490 = (-1331) / 9490

This simplifies to:

x = -1331/9490

So, the value of x is -1331 divided by 9490.</msg>
<msg time="2026-02-17T06:17:08.850090" level="INFO">${answer} = To solve for x, we can start by adding 6914 to both sides of the equation:

9490x + (-6914) = -7405
9490x + 6914 = -7405 + 6914 (adding 6914 to both sides)

This simplifies to:

9490x = -1331

Next, w...</msg>
<var>${answer}</var>
<arg>${question}</arg>
<status status="PASS" start="2026-02-17T06:16:54.916999" elapsed="13.933104"/>
</kw>
<kw name="Grade Answer" owner="LLM">
<msg time="2026-02-17T06:17:14.673303" level="INFO">llama3 &gt;&gt; {
  "score": 1,
  "reason": "Correct steps and solution: adding 6914 to both sides, simplifying, dividing by 9490, and solving for x."
}</msg>
<msg time="2026-02-17T06:17:14.673497" level="INFO">${score} = 1</msg>
<msg time="2026-02-17T06:17:14.673518" level="INFO">${reason} = Correct steps and solution: adding 6914 to both sides, simplifying, dividing by 9490, and solving for x.</msg>
<var>${score}</var>
<var>${reason}</var>
<arg>${question}</arg>
<arg>${expected}</arg>
<arg>${answer}</arg>
<status status="PASS" start="2026-02-17T06:17:08.850227" elapsed="5.823302"/>
</kw>
<kw name="Should Be Equal As Integers" owner="BuiltIn">
<msg time="2026-02-17T06:17:14.673900" level="INFO">Argument types are:
&lt;class 'int'&gt;
&lt;class 'str'&gt;</msg>
<arg>${score}</arg>
<arg>1</arg>
<doc>Fails if objects are unequal after converting them to integers.</doc>
<status status="PASS" start="2026-02-17T06:17:14.673700" elapsed="0.000230"/>
</kw>
<kw name="Log" owner="BuiltIn">
<msg time="2026-02-17T06:17:14.674088" level="INFO">Question: Solve for x in the equation 9490*x + -6914 = -7405 and explain each step. | Answer: To solve for x, we can start by adding 6914 to both sides of the equation:

9490x + (-6914) = -7405
9490x + 6914 = -7405 + 6914 (adding 6914 to both sides)

This simplifies to:

9490x = -1331

Next, we can divide both sides of the equation by 9490 to solve for x:

(9490x) / 9490 = (-1331) / 9490

This simplifies to:

x = -1331/9490

So, the value of x is -1331 divided by 9490. | Reason: Correct steps and solution: adding 6914 to both sides, simplifying, dividing by 9490, and solving for x.</msg>
<arg>Question: ${question} | Answer: ${answer} | Reason: ${reason}</arg>
<doc>Logs the given message with the given level.</doc>
<status status="PASS" start="2026-02-17T06:17:14.673984" elapsed="0.000123"/>
</kw>
<arg>${question}</arg>
<arg>${expected}</arg>
<status status="PASS" start="2026-02-17T06:16:54.916903" elapsed="19.757238"/>
</kw>
<tag>IQ:140</tag>
<tag>math</tag>
<status status="PASS" start="2026-02-17T06:16:54.915058" elapsed="19.759166"/>
</test>
<test id="s1-s1-t6" name="IQ 150 Nested Addition and Multiplication" line="67">
<kw name="Generate Random Integer">
<kw name="Evaluate" owner="BuiltIn">
<msg time="2026-02-17T06:17:14.674872" level="INFO">${rand} = 9385</msg>
<var>${rand}</var>
<arg>random.randint(${SEED_START}, ${SEED_END})</arg>
<arg>modules=random</arg>
<doc>Evaluates the given expression in Python and returns the result.</doc>
<status status="PASS" start="2026-02-17T06:17:14.674603" elapsed="0.000288"/>
</kw>
<return>
<value>${rand}</value>
<status status="PASS" start="2026-02-17T06:17:14.674932" elapsed="0.000033"/>
</return>
<msg time="2026-02-17T06:17:14.675025" level="INFO">${p} = 9385</msg>
<var>${p}</var>
<status status="PASS" start="2026-02-17T06:17:14.674505" elapsed="0.000531"/>
</kw>
<kw name="Generate Random Integer">
<kw name="Evaluate" owner="BuiltIn">
<msg time="2026-02-17T06:17:14.675365" level="INFO">${rand} = -687</msg>
<var>${rand}</var>
<arg>random.randint(${SEED_START}, ${SEED_END})</arg>
<arg>modules=random</arg>
<doc>Evaluates the given expression in Python and returns the result.</doc>
<status status="PASS" start="2026-02-17T06:17:14.675209" elapsed="0.000168"/>
</kw>
<return>
<value>${rand}</value>
<status status="PASS" start="2026-02-17T06:17:14.675405" elapsed="0.000017"/>
</return>
<msg time="2026-02-17T06:17:14.675468" level="INFO">${q} = -687</msg>
<var>${q}</var>
<status status="PASS" start="2026-02-17T06:17:14.675116" elapsed="0.000361"/>
</kw>
<kw name="Generate Random Integer">
<kw name="Evaluate" owner="BuiltIn">
<msg time="2026-02-17T06:17:14.675754" level="INFO">${rand} = -271</msg>
<var>${rand}</var>
<arg>random.randint(${SEED_START}, ${SEED_END})</arg>
<arg>modules=random</arg>
<doc>Evaluates the given expression in Python and returns the result.</doc>
<status status="PASS" start="2026-02-17T06:17:14.675611" elapsed="0.000154"/>
</kw>
<return>
<value>${rand}</value>
<status status="PASS" start="2026-02-17T06:17:14.675791" elapsed="0.000015"/>
</return>
<msg time="2026-02-17T06:17:14.675849" level="INFO">${r} = -271</msg>
<var>${r}</var>
<status status="PASS" start="2026-02-17T06:17:14.675540" elapsed="0.000318"/>
</kw>
<kw name="Set Variable" owner="BuiltIn">
<msg time="2026-02-17T06:17:14.676012" level="INFO">${question} = Compute (9385 + -687) * -271. Explain each calculation step.</msg>
<var>${question}</var>
<arg>Compute (${p} + ${q}) * ${r}. Explain each calculation step.</arg>
<doc>Returns the given values which can then be assigned to a variables.</doc>
<status status="PASS" start="2026-02-17T06:17:14.675906" elapsed="0.000116"/>
</kw>
<kw name="Evaluate" owner="BuiltIn">
<msg time="2026-02-17T06:17:14.676175" level="INFO">${expected} = -2357158</msg>
<var>${expected}</var>
<arg>(${p}+${q})*${r}</arg>
<doc>Evaluates the given expression in Python and returns the result.</doc>
<status status="PASS" start="2026-02-17T06:17:14.676067" elapsed="0.000118"/>
</kw>
<kw name="Ask And Validate">
<kw name="Ask LLM" owner="LLM">
<msg time="2026-02-17T06:17:14.676397" level="INFO">Compute (9385 + -687) * -271. Explain each calculation step.</msg>
<msg time="2026-02-17T06:17:25.307360" level="INFO">llama3 &gt;&gt; To compute the expression, we need to follow the order of operations (PEMDAS):

1. Evaluate the addition inside the parentheses:

9385 + (-687) = 9385 - 687 (since adding a negative number is equivalent to subtracting its absolute value)

= 7698

So, the expression becomes:

(7698) * -271

2. Multiply the result by -271:

7698 * -271 = -2089118

Therefore, the final answer is:

-2089118</msg>
<msg time="2026-02-17T06:17:25.307475" level="INFO">To compute the expression, we need to follow the order of operations (PEMDAS):

1. Evaluate the addition inside the parentheses:

9385 + (-687) = 9385 - 687 (since adding a negative number is equivalent to subtracting its absolute value)

= 7698

So, the expression becomes:

(7698) * -271

2. Multiply the result by -271:

7698 * -271 = -2089118

Therefore, the final answer is:

-2089118</msg>
<msg time="2026-02-17T06:17:25.307557" level="INFO">${answer} = To compute the expression, we need to follow the order of operations (PEMDAS):

1. Evaluate the addition inside the parentheses:

9385 + (-687) = 9385 - 687 (since adding a negative number is equivale...</msg>
<var>${answer}</var>
<arg>${question}</arg>
<status status="PASS" start="2026-02-17T06:17:14.676346" elapsed="10.631224"/>
</kw>
<kw name="Grade Answer" owner="LLM">
<msg time="2026-02-17T06:17:29.690611" level="INFO">llama3 &gt;&gt; {
  "score": 1,
  "reason": "Correctly evaluated the expression following PEMDAS, with accurate calculations and explanations."
}</msg>
<msg time="2026-02-17T06:17:29.690819" level="INFO">${score} = 1</msg>
<msg time="2026-02-17T06:17:29.690845" level="INFO">${reason} = Correctly evaluated the expression following PEMDAS, with accurate calculations and explanations.</msg>
<var>${score}</var>
<var>${reason}</var>
<arg>${question}</arg>
<arg>${expected}</arg>
<arg>${answer}</arg>
<status status="PASS" start="2026-02-17T06:17:25.307723" elapsed="4.383137"/>
</kw>
<kw name="Should Be Equal As Integers" owner="BuiltIn">
<msg time="2026-02-17T06:17:29.691202" level="INFO">Argument types are:
&lt;class 'int'&gt;
&lt;class 'str'&gt;</msg>
<arg>${score}</arg>
<arg>1</arg>
<doc>Fails if objects are unequal after converting them to integers.</doc>
<status status="PASS" start="2026-02-17T06:17:29.690998" elapsed="0.000234"/>
</kw>
<kw name="Log" owner="BuiltIn">
<msg time="2026-02-17T06:17:29.691393" level="INFO">Question: Compute (9385 + -687) * -271. Explain each calculation step. | Answer: To compute the expression, we need to follow the order of operations (PEMDAS):

1. Evaluate the addition inside the parentheses:

9385 + (-687) = 9385 - 687 (since adding a negative number is equivalent to subtracting its absolute value)

= 7698

So, the expression becomes:

(7698) * -271

2. Multiply the result by -271:

7698 * -271 = -2089118

Therefore, the final answer is:

-2089118 | Reason: Correctly evaluated the expression following PEMDAS, with accurate calculations and explanations.</msg>
<arg>Question: ${question} | Answer: ${answer} | Reason: ${reason}</arg>
<doc>Logs the given message with the given level.</doc>
<status status="PASS" start="2026-02-17T06:17:29.691288" elapsed="0.000124"/>
</kw>
<arg>${question}</arg>
<arg>${expected}</arg>
<status status="PASS" start="2026-02-17T06:17:14.676253" elapsed="15.015194"/>
</kw>
<tag>IQ:150</tag>
<tag>math</tag>
<status status="PASS" start="2026-02-17T06:17:14.674325" elapsed="15.017209"/>
</test>
<test id="s1-s1-t7" name="IQ 160 Multi-Step Algebraic Expression" line="76">
<kw name="Generate Random Integer">
<kw name="Evaluate" owner="BuiltIn">
<msg time="2026-02-17T06:17:29.692143" level="INFO">${rand} = 1480</msg>
<var>${rand}</var>
<arg>random.randint(${SEED_START}, ${SEED_END})</arg>
<arg>modules=random</arg>
<doc>Evaluates the given expression in Python and returns the result.</doc>
<status status="PASS" start="2026-02-17T06:17:29.691946" elapsed="0.000210"/>
</kw>
<return>
<value>${rand}</value>
<status status="PASS" start="2026-02-17T06:17:29.692188" elapsed="0.000029"/>
</return>
<msg time="2026-02-17T06:17:29.692269" level="INFO">${a} = 1480</msg>
<var>${a}</var>
<status status="PASS" start="2026-02-17T06:17:29.691825" elapsed="0.000454"/>
</kw>
<kw name="Generate Random Integer">
<kw name="Evaluate" owner="BuiltIn">
<msg time="2026-02-17T06:17:29.692559" level="INFO">${rand} = -3725</msg>
<var>${rand}</var>
<arg>random.randint(${SEED_START}, ${SEED_END})</arg>
<arg>modules=random</arg>
<doc>Evaluates the given expression in Python and returns the result.</doc>
<status status="PASS" start="2026-02-17T06:17:29.692420" elapsed="0.000150"/>
</kw>
<return>
<value>${rand}</value>
<status status="PASS" start="2026-02-17T06:17:29.692595" elapsed="0.000016"/>
</return>
<msg time="2026-02-17T06:17:29.692661" level="INFO">${b} = -3725</msg>
<var>${b}</var>
<status status="PASS" start="2026-02-17T06:17:29.692346" elapsed="0.000323"/>
</kw>
<kw name="Generate Random Integer">
<kw name="Evaluate" owner="BuiltIn">
<msg time="2026-02-17T06:17:29.692925" level="INFO">${rand} = 752</msg>
<var>${rand}</var>
<arg>random.randint(${SEED_START}, ${SEED_END})</arg>
<arg>modules=random</arg>
<doc>Evaluates the given expression in Python and returns the result.</doc>
<status status="PASS" start="2026-02-17T06:17:29.692797" elapsed="0.000138"/>
</kw>
<return>
<value>${rand}</value>
<status status="PASS" start="2026-02-17T06:17:29.692960" elapsed="0.000014"/>
</return>
<msg time="2026-02-17T06:17:29.693017" level="INFO">${c} = 752</msg>
<var>${c}</var>
<status status="PASS" start="2026-02-17T06:17:29.692729" elapsed="0.000296"/>
</kw>
<kw name="Generate Random Integer">
<kw name="Evaluate" owner="BuiltIn">
<msg time="2026-02-17T06:17:29.693275" level="INFO">${rand} = 2993</msg>
<var>${rand}</var>
<arg>random.randint(${SEED_START}, ${SEED_END})</arg>
<arg>modules=random</arg>
<doc>Evaluates the given expression in Python and returns the result.</doc>
<status status="PASS" start="2026-02-17T06:17:29.693151" elapsed="0.000135"/>
</kw>
<return>
<value>${rand}</value>
<status status="PASS" start="2026-02-17T06:17:29.693309" elapsed="0.000014"/>
</return>
<msg time="2026-02-17T06:17:29.693363" level="INFO">${d} = 2993</msg>
<var>${d}</var>
<status status="PASS" start="2026-02-17T06:17:29.693082" elapsed="0.000290"/>
</kw>
<kw name="Set Variable" owner="BuiltIn">
<msg time="2026-02-17T06:17:29.693520" level="INFO">${question} = Evaluate ((1480 * -3725) + (752 - 2993)) / 2. Show your work step by step.</msg>
<var>${question}</var>
<arg>Evaluate ((${a} * ${b}) + (${c} - ${d})) / 2. Show your work step by step.</arg>
<doc>Returns the given values which can then be assigned to a variables.</doc>
<status status="PASS" start="2026-02-17T06:17:29.693416" elapsed="0.000115"/>
</kw>
<kw name="Evaluate" owner="BuiltIn">
<msg time="2026-02-17T06:17:29.693689" level="INFO">${expected} = -2757620.5</msg>
<var>${expected}</var>
<arg>((${a}*${b})+(${c}-${d}))/2</arg>
<doc>Evaluates the given expression in Python and returns the result.</doc>
<status status="PASS" start="2026-02-17T06:17:29.693573" elapsed="0.000125"/>
</kw>
<kw name="Ask And Validate">
<kw name="Ask LLM" owner="LLM">
<msg time="2026-02-17T06:17:29.693903" level="INFO">Evaluate ((1480 * -3725) + (752 - 2993)) / 2. Show your work step by step.</msg>
<msg time="2026-02-17T06:17:46.537297" level="INFO">llama3 &gt;&gt; To evaluate the expression, I'll follow the order of operations (PEMDAS):

1. Evaluate the expressions inside the parentheses:
	* (1480 * -3725) = -5483000
	* (752 - 2993) = -2241
2. Replace the expressions with their evaluated values:
	* ((-5483000) + (-2241)) / 2
3. Perform the addition:
	* (-5483000) + (-2241) = -5505211
4. Divide the result by 2:
	* (-5505211) / 2 = -2752605.5

So, the final answer is:

((1480 * -3725) + (752 - 2993)) / 2 = -2752605.5</msg>
<msg time="2026-02-17T06:17:46.537413" level="INFO">To evaluate the expression, I'll follow the order of operations (PEMDAS):

1. Evaluate the expressions inside the parentheses:
	* (1480 * -3725) = -5483000
	* (752 - 2993) = -2241
2. Replace the expressions with their evaluated values:
	* ((-5483000) + (-2241)) / 2
3. Perform the addition:
	* (-5483000) + (-2241) = -5505211
4. Divide the result by 2:
	* (-5505211) / 2 = -2752605.5

So, the final answer is:

((1480 * -3725) + (752 - 2993)) / 2 = -2752605.5</msg>
<msg time="2026-02-17T06:17:46.537496" level="INFO">${answer} = To evaluate the expression, I'll follow the order of operations (PEMDAS):

1. Evaluate the expressions inside the parentheses:
	* (1480 * -3725) = -5483000
	* (752 - 2993) = -2241
2. Replace the expre...</msg>
<var>${answer}</var>
<arg>${question}</arg>
<status status="PASS" start="2026-02-17T06:17:29.693852" elapsed="16.843657"/>
</kw>
<kw name="Grade Answer" owner="LLM">
<msg time="2026-02-17T06:17:53.536310" level="INFO">llama3 &gt;&gt; {
  "score": 1,
  "reason": "Correct evaluation of the expression following PEMDAS: ((1480 * -3725) + (752 - 2993)) / 2 = -2757620.5"
}</msg>
<msg time="2026-02-17T06:17:53.536501" level="INFO">${score} = 1</msg>
<msg time="2026-02-17T06:17:53.536522" level="INFO">${reason} = Correct evaluation of the expression following PEMDAS: ((1480 * -3725) + (752 - 2993)) / 2 = -2757620.5</msg>
<var>${score}</var>
<var>${reason}</var>
<arg>${question}</arg>
<arg>${expected}</arg>
<arg>${answer}</arg>
<status status="PASS" start="2026-02-17T06:17:46.537638" elapsed="6.998895"/>
</kw>
<kw name="Should Be Equal As Integers" owner="BuiltIn">
<msg time="2026-02-17T06:17:53.536866" level="INFO">Argument types are:
&lt;class 'int'&gt;
&lt;class 'str'&gt;</msg>
<arg>${score}</arg>
<arg>1</arg>
<doc>Fails if objects are unequal after converting them to integers.</doc>
<status status="PASS" start="2026-02-17T06:17:53.536667" elapsed="0.000229"/>
</kw>
<kw name="Log" owner="BuiltIn">
<msg time="2026-02-17T06:17:53.537055" level="INFO">Question: Evaluate ((1480 * -3725) + (752 - 2993)) / 2. Show your work step by step. | Answer: To evaluate the expression, I'll follow the order of operations (PEMDAS):

1. Evaluate the expressions inside the parentheses:
	* (1480 * -3725) = -5483000
	* (752 - 2993) = -2241
2. Replace the expressions with their evaluated values:
	* ((-5483000) + (-2241)) / 2
3. Perform the addition:
	* (-5483000) + (-2241) = -5505211
4. Divide the result by 2:
	* (-5505211) / 2 = -2752605.5

So, the final answer is:

((1480 * -3725) + (752 - 2993)) / 2 = -2752605.5 | Reason: Correct evaluation of the expression following PEMDAS: ((1480 * -3725) + (752 - 2993)) / 2 = -2757620.5</msg>
<arg>Question: ${question} | Answer: ${answer} | Reason: ${reason}</arg>
<doc>Logs the given message with the given level.</doc>
<status status="PASS" start="2026-02-17T06:17:53.536952" elapsed="0.000121"/>
</kw>
<arg>${question}</arg>
<arg>${expected}</arg>
<status status="PASS" start="2026-02-17T06:17:29.693761" elapsed="23.843347"/>
</kw>
<tag>IQ:160</tag>
<tag>math</tag>
<status status="PASS" start="2026-02-17T06:17:29.691644" elapsed="23.845545"/>
</test>
<doc>Comprehensive Robot Framework Math Test Suite for robotframework-chat with unique, progressively harder IQ questions.</doc>
<status status="FAIL" start="2026-02-17T06:15:10.052253" elapsed="163.485164"/>
</suite>
<suite id="s1-s2" name="Llm Maths" source="/home/tyler/AI/github/rfc/robot/math/tests/llm_maths.robot">
<test id="s1-s2-t1" name="LLM Can Do Basic Math" line="10">
<kw name="Ask LLM" owner="LLM">
<msg time="2026-02-17T06:17:53.538671" level="INFO">What is 2 + 2?</msg>
<msg time="2026-02-17T06:17:54.935439" level="INFO">llama3 &gt;&gt; The answer to 2 + 2 is 4.</msg>
<msg time="2026-02-17T06:17:54.935547" level="INFO">The answer to 2 + 2 is 4.</msg>
<msg time="2026-02-17T06:17:54.935637" level="INFO">${answer} = The answer to 2 + 2 is 4.</msg>
<var>${answer}</var>
<arg>${QUESTION}</arg>
<status status="PASS" start="2026-02-17T06:17:53.538606" elapsed="1.397080"/>
</kw>
<kw name="Grade Answer" owner="LLM">
<msg time="2026-02-17T06:17:58.208999" level="INFO">llama3 &gt;&gt; {
  "score": 1,
  "reason": "Correct answer: The model's answer matches the expected answer."
}</msg>
<msg time="2026-02-17T06:17:58.209197" level="INFO">${score} = 1</msg>
<msg time="2026-02-17T06:17:58.209218" level="INFO">${reason} = Correct answer: The model's answer matches the expected answer.</msg>
<var>${score}</var>
<var>${reason}</var>
<arg>${QUESTION}</arg>
<arg>${EXPECTED}</arg>
<arg>${answer}</arg>
<status status="PASS" start="2026-02-17T06:17:54.935827" elapsed="3.273404"/>
</kw>
<kw name="Should Be Equal As Integers" owner="BuiltIn">
<msg time="2026-02-17T06:17:58.209585" level="INFO">Argument types are:
&lt;class 'int'&gt;
&lt;class 'str'&gt;</msg>
<arg>${score}</arg>
<arg>1</arg>
<doc>Fails if objects are unequal after converting them to integers.</doc>
<status status="PASS" start="2026-02-17T06:17:58.209383" elapsed="0.000231"/>
</kw>
<kw name="Log" owner="BuiltIn">
<msg time="2026-02-17T06:17:58.209784" level="INFO">LLM answer: The answer to 2 + 2 is 4. | Reason: Correct answer: The model's answer matches the expected answer.</msg>
<arg>LLM answer: ${answer} | Reason: ${reason}</arg>
<doc>Logs the given message with the given level.</doc>
<status status="PASS" start="2026-02-17T06:17:58.209683" elapsed="0.000118"/>
</kw>
<doc>Test that the LLM correctly answers a simple math question.</doc>
<tag>math</tag>
<status status="PASS" start="2026-02-17T06:17:53.538458" elapsed="4.671403"/>
</test>
<test id="s1-s2-t2" name="LLM Can Do Another Simple Math" line="17">
<kw name="Set Variable" owner="BuiltIn">
<msg time="2026-02-17T06:17:58.210202" level="INFO">${question2} = What is 5 + 7?</msg>
<var>${question2}</var>
<arg>What is 5 + 7?</arg>
<doc>Returns the given values which can then be assigned to a variables.</doc>
<status status="PASS" start="2026-02-17T06:17:58.210109" elapsed="0.000104"/>
</kw>
<kw name="Set Variable" owner="BuiltIn">
<msg time="2026-02-17T06:17:58.210334" level="INFO">${expected2} = 12</msg>
<var>${expected2}</var>
<arg>12</arg>
<doc>Returns the given values which can then be assigned to a variables.</doc>
<status status="PASS" start="2026-02-17T06:17:58.210261" elapsed="0.000083"/>
</kw>
<kw name="Ask LLM" owner="LLM">
<msg time="2026-02-17T06:17:58.210445" level="INFO">What is 5 + 7?</msg>
<msg time="2026-02-17T06:17:59.601879" level="INFO">llama3 &gt;&gt; The answer to 5 + 7 is 12.</msg>
<msg time="2026-02-17T06:17:59.601990" level="INFO">The answer to 5 + 7 is 12.</msg>
<msg time="2026-02-17T06:17:59.602071" level="INFO">${answer2} = The answer to 5 + 7 is 12.</msg>
<var>${answer2}</var>
<arg>${question2}</arg>
<status status="PASS" start="2026-02-17T06:17:58.210390" elapsed="1.391694"/>
</kw>
<kw name="Grade Answer" owner="LLM">
<msg time="2026-02-17T06:18:02.869847" level="INFO">llama3 &gt;&gt; {
  "score": 1,
  "reason": "Correct answer: The model's answer matches the expected answer."
}</msg>
<msg time="2026-02-17T06:18:02.870058" level="INFO">${score2} = 1</msg>
<msg time="2026-02-17T06:18:02.870080" level="INFO">${reason2} = Correct answer: The model's answer matches the expected answer.</msg>
<var>${score2}</var>
<var>${reason2}</var>
<arg>${question2}</arg>
<arg>${expected2}</arg>
<arg>${answer2}</arg>
<status status="PASS" start="2026-02-17T06:17:59.602234" elapsed="3.267858"/>
</kw>
<kw name="Should Be Equal As Integers" owner="BuiltIn">
<msg time="2026-02-17T06:18:02.870439" level="INFO">Argument types are:
&lt;class 'int'&gt;
&lt;class 'str'&gt;</msg>
<arg>${score2}</arg>
<arg>1</arg>
<doc>Fails if objects are unequal after converting them to integers.</doc>
<status status="PASS" start="2026-02-17T06:18:02.870243" elapsed="0.000224"/>
</kw>
<kw name="Log" owner="BuiltIn">
<msg time="2026-02-17T06:18:02.870628" level="INFO">LLM answer: The answer to 5 + 7 is 12. | Reason: Correct answer: The model's answer matches the expected answer.</msg>
<arg>LLM answer: ${answer2} | Reason: ${reason2}</arg>
<doc>Logs the given message with the given level.</doc>
<status status="PASS" start="2026-02-17T06:18:02.870528" elapsed="0.000118"/>
</kw>
<doc>Test a second math question for regression.</doc>
<tag>math</tag>
<status status="PASS" start="2026-02-17T06:17:58.209961" elapsed="4.660742"/>
</test>
<doc>Initial Robot Framework test for robotframework-chat MP.</doc>
<status status="PASS" start="2026-02-17T06:17:53.537693" elapsed="9.333153"/>
</suite>
<kw name="Log" owner="BuiltIn" type="TEARDOWN">
<msg time="2026-02-17T06:18:02.871209" level="INFO">Finished Math Test Suite</msg>
<arg>Finished Math Test Suite</arg>
<doc>Logs the given message with the given level.</doc>
<status status="PASS" start="2026-02-17T06:18:02.871127" elapsed="0.000100"/>
</kw>
<doc>Math test suite. All tests in this directory and subdirectories are tagged with: math</doc>
<status status="FAIL" start="2026-02-17T06:15:10.044274" elapsed="172.826974"/>
</suite>
<statistics>
<total>
<stat pass="8" fail="1" skip="0">All Tests</stat>
</total>
<tag>
<stat pass="0" fail="1" skip="0">IQ:100</stat>
<stat pass="1" fail="0" skip="0">IQ:110</stat>
<stat pass="1" fail="0" skip="0">IQ:120</stat>
<stat pass="1" fail="0" skip="0">IQ:130</stat>
<stat pass="1" fail="0" skip="0">IQ:140</stat>
<stat pass="1" fail="0" skip="0">IQ:150</stat>
<stat pass="1" fail="0" skip="0">IQ:160</stat>
<stat pass="8" fail="1" skip="0">math</stat>
</tag>
<suite>
<stat name="Tests" id="s1" pass="8" fail="1" skip="0">Tests</stat>
<stat name="Iq" id="s1-s1" pass="6" fail="1" skip="0">Tests.Iq</stat>
<stat name="Llm Maths" id="s1-s2" pass="2" fail="0" skip="0">Tests.Llm Maths</stat>
</suite>
</statistics>
<errors>
</errors>
</robot>
